CRITICAL - 2026-05-29 02:01:50 --> ErrorException: Maximum execution time of 60 seconds exceeded
【Previous Exception】
CodeIgniter\Exceptions\PageNotFoundException
Can't find a route for 'GET: cuti'.
#0 C:\xampp\htdocs\cuti\system\CodeIgniter.php(1001): CodeIgniter\Exceptions\PageNotFoundException::forPageNotFound('Can't find a ro...')
#1 C:\xampp\htdocs\cuti\system\CodeIgniter.php(346): CodeIgniter\CodeIgniter->display404errors(Object(CodeIgniter\Exceptions\PageNotFoundException))
#2 C:\xampp\htdocs\cuti\system\Boot.php(417): CodeIgniter\CodeIgniter->run()
#3 C:\xampp\htdocs\cuti\system\Boot.php(68): CodeIgniter\Boot::runCodeIgniter(Object(CodeIgniter\CodeIgniter))
#4 C:\xampp\htdocs\cuti\public\index.php(59): CodeIgniter\Boot::bootWeb(Object(Config\Paths))
#5 C:\xampp\htdocs\cuti\system\rewrite.php(44): require_once('C:\\xampp\\htdocs...')
#6 {main}
[Method: GET, Route: cuti]
in APPPATH\Views\errors\html\error_404.php on line 1.
 1 [internal function]: CodeIgniter\Debug\Exceptions->shutdownHandler()
CRITICAL - 2026-05-29 02:04:29 --> ErrorException: Maximum execution time of 60 seconds exceeded
[Method: GET, Route: pegawai/dashboard]
in SYSTEMPATH\Database\MySQLi\Builder.php on line 23.
 1 [internal function]: CodeIgniter\Debug\Exceptions->shutdownHandler()
CRITICAL - 2026-05-29 02:07:54 --> ErrorException: Maximum execution time of 60 seconds exceeded
[Method: GET, Route: pegawai/dashboard]
in SYSTEMPATH\ThirdParty\Kint\Parser\DomPlugin.php on line 60.
 1 [internal function]: CodeIgniter\Debug\Exceptions->shutdownHandler()
CRITICAL - 2026-05-29 07:31:13 --> ParseError: syntax error, unexpected token "<<", expecting end of file
[Method: GET, Route: approvalhrd]
in APPPATH\Config\Routes.php on line 8.
 1 VENDORPATH\codeigniter4\framework\system\CodeIgniter.php(821): CodeIgniter\Router\RouteCollection->loadRoutes()
 2 VENDORPATH\codeigniter4\framework\system\CodeIgniter.php(455): CodeIgniter\CodeIgniter->tryToRouteIt(null)
 3 VENDORPATH\codeigniter4\framework\system\CodeIgniter.php(354): CodeIgniter\CodeIgniter->handleRequest(null, Object(Config\Cache), false)
 4 SYSTEMPATH\Boot.php(417): CodeIgniter\CodeIgniter->run()
 5 SYSTEMPATH\Boot.php(68): CodeIgniter\Boot::runCodeIgniter(Object(CodeIgniter\CodeIgniter))
 6 FCPATH\index.php(59): CodeIgniter\Boot::bootWeb(Object(Config\Paths))
 7 VENDORPATH\codeigniter4\framework\system\rewrite.php(44): require_once('C:\\xampp\\htdocs\\sistemcuti_karyawan\\public\\index.php')
DEBUG - 2026-05-29 07:32:27 --> Session: Class initialized using 'CodeIgniter\Session\Handlers\FileHandler' driver.
ERROR - 2026-05-29 07:32:31 --> Error connecting to the database: mysqli_sql_exception: Access denied for user 'root'@'localhost' (using password: YES) in C:\xampp\htdocs\sistemcuti_karyawan\vendor\codeigniter4\framework\system\Database\MySQLi\Connection.php:202
Stack trace:
#0 C:\xampp\htdocs\sistemcuti_karyawan\vendor\codeigniter4\framework\system\Database\MySQLi\Connection.php(202): mysqli->real_connect('localhost', 'root', 'root', 'sistemcuti', 3306, '', 0)
#1 C:\xampp\htdocs\sistemcuti_karyawan\vendor\codeigniter4\framework\system\Database\BaseConnection.php(419): CodeIgniter\Database\MySQLi\Connection->connect(false)
#2 C:\xampp\htdocs\sistemcuti_karyawan\vendor\codeigniter4\framework\system\Database\BaseConnection.php(614): CodeIgniter\Database\BaseConnection->initialize()
#3 C:\xampp\htdocs\sistemcuti_karyawan\vendor\codeigniter4\framework\system\Database\BaseBuilder.php(1649): CodeIgniter\Database\BaseConnection->query('SELECT *\nFROM `...', Array, false)
#4 C:\xampp\htdocs\sistemcuti_karyawan\vendor\codeigniter4\framework\system\Model.php(286): CodeIgniter\Database\BaseBuilder->get()
#5 C:\xampp\htdocs\sistemcuti_karyawan\vendor\codeigniter4\framework\system\BaseModel.php(677): CodeIgniter\Model->doFindAll(0, 0)
#6 C:\xampp\htdocs\sistemcuti_karyawan\app\Controllers\ApprovalhrdController.php(23): CodeIgniter\BaseModel->findAll()
#7 C:\xampp\htdocs\sistemcuti_karyawan\vendor\codeigniter4\framework\system\CodeIgniter.php(933): App\Controllers\ApprovalhrdController->index()
#8 C:\xampp\htdocs\sistemcuti_karyawan\vendor\codeigniter4\framework\system\CodeIgniter.php(507): CodeIgniter\CodeIgniter->runController(Object(App\Controllers\ApprovalhrdController))
#9 C:\xampp\htdocs\sistemcuti_karyawan\vendor\codeigniter4\framework\system\CodeIgniter.php(354): CodeIgniter\CodeIgniter->handleRequest(NULL, Object(Config\Cache), false)
#10 C:\xampp\htdocs\sistemcuti_karyawan\system\Boot.php(417): CodeIgniter\CodeIgniter->run()
#11 C:\xampp\htdocs\sistemcuti_karyawan\system\Boot.php(68): CodeIgniter\Boot::runCodeIgniter(Object(CodeIgniter\CodeIgniter))
#12 C:\xampp\htdocs\sistemcuti_karyawan\public\index.php(59): CodeIgniter\Boot::bootWeb(Object(Config\Paths))
#13 C:\xampp\htdocs\sistemcuti_karyawan\vendor\codeigniter4\framework\system\rewrite.php(44): require_once('C:\\xampp\\htdocs...')
#14 {main}

Next CodeIgniter\Database\Exceptions\DatabaseException: Access denied for user '****'@'localhost' (using password: YES) in C:\xampp\htdocs\sistemcuti_karyawan\vendor\codeigniter4\framework\system\Database\MySQLi\Connection.php:231
Stack trace:
#0 C:\xampp\htdocs\sistemcuti_karyawan\vendor\codeigniter4\framework\system\Database\BaseConnection.php(419): CodeIgniter\Database\MySQLi\Connection->connect(false)
#1 C:\xampp\htdocs\sistemcuti_karyawan\vendor\codeigniter4\framework\system\Database\BaseConnection.php(614): CodeIgniter\Database\BaseConnection->initialize()
#2 C:\xampp\htdocs\sistemcuti_karyawan\vendor\codeigniter4\framework\system\Database\BaseBuilder.php(1649): CodeIgniter\Database\BaseConnection->query('SELECT *\nFROM `...', Array, false)
#3 C:\xampp\htdocs\sistemcuti_karyawan\vendor\codeigniter4\framework\system\Model.php(286): CodeIgniter\Database\BaseBuilder->get()
#4 C:\xampp\htdocs\sistemcuti_karyawan\vendor\codeigniter4\framework\system\BaseModel.php(677): CodeIgniter\Model->doFindAll(0, 0)
#5 C:\xampp\htdocs\sistemcuti_karyawan\app\Controllers\ApprovalhrdController.php(23): CodeIgniter\BaseModel->findAll()
#6 C:\xampp\htdocs\sistemcuti_karyawan\vendor\codeigniter4\framework\system\CodeIgniter.php(933): App\Controllers\ApprovalhrdController->index()
#7 C:\xampp\htdocs\sistemcuti_karyawan\vendor\codeigniter4\framework\system\CodeIgniter.php(507): CodeIgniter\CodeIgniter->runController(Object(App\Controllers\ApprovalhrdController))
#8 C:\xampp\htdocs\sistemcuti_karyawan\vendor\codeigniter4\framework\system\CodeIgniter.php(354): CodeIgniter\CodeIgniter->handleRequest(NULL, Object(Config\Cache), false)
#9 C:\xampp\htdocs\sistemcuti_karyawan\system\Boot.php(417): CodeIgniter\CodeIgniter->run()
#10 C:\xampp\htdocs\sistemcuti_karyawan\system\Boot.php(68): CodeIgniter\Boot::runCodeIgniter(Object(CodeIgniter\CodeIgniter))
#11 C:\xampp\htdocs\sistemcuti_karyawan\public\index.php(59): CodeIgniter\Boot::bootWeb(Object(Config\Paths))
#12 C:\xampp\htdocs\sistemcuti_karyawan\vendor\codeigniter4\framework\system\rewrite.php(44): require_once('C:\\xampp\\htdocs...')
#13 {main}
CRITICAL - 2026-05-29 07:32:33 --> CodeIgniter\Database\Exceptions\DatabaseException: Unable to connect to the database.
Main connection [MySQLi]: Access denied for user '****'@'localhost' (using password: YES)
[Method: GET, Route: approvalhrd]
in VENDORPATH\codeigniter4\framework\system\Database\BaseConnection.php on line 465.
 1 VENDORPATH\codeigniter4\framework\system\Database\BaseConnection.php(614): CodeIgniter\Database\BaseConnection->initialize()
 2 VENDORPATH\codeigniter4\framework\system\Database\BaseBuilder.php(1649): CodeIgniter\Database\BaseConnection->query('SELECT *
FROM `cuti_requests`
WHERE `current_step` = :current_step:', [...], false)
 3 VENDORPATH\codeigniter4\framework\system\Model.php(286): CodeIgniter\Database\BaseBuilder->get()
 4 VENDORPATH\codeigniter4\framework\system\BaseModel.php(677): CodeIgniter\Model->doFindAll(0, 0)
 5 APPPATH\Controllers\ApprovalhrdController.php(23): CodeIgniter\BaseModel->findAll()
 6 VENDORPATH\codeigniter4\framework\system\CodeIgniter.php(933): App\Controllers\ApprovalhrdController->index()
 7 VENDORPATH\codeigniter4\framework\system\CodeIgniter.php(507): CodeIgniter\CodeIgniter->runController(Object(App\Controllers\ApprovalhrdController))
 8 VENDORPATH\codeigniter4\framework\system\CodeIgniter.php(354): CodeIgniter\CodeIgniter->handleRequest(null, Object(Config\Cache), false)
 9 SYSTEMPATH\Boot.php(417): CodeIgniter\CodeIgniter->run()
10 SYSTEMPATH\Boot.php(68): CodeIgniter\Boot::runCodeIgniter(Object(CodeIgniter\CodeIgniter))
11 FCPATH\index.php(59): CodeIgniter\Boot::bootWeb(Object(Config\Paths))
12 VENDORPATH\codeigniter4\framework\system\rewrite.php(44): require_once('C:\\xampp\\htdocs\\sistemcuti_karyawan\\public\\index.php')
