CRITICAL - 2026-05-21 03:06:47 --> ErrorException: Trying to access array offset on value of type null
[Method: POST, Route: cuti/store]
in APPPATH\Controllers\CutiController.php on line 58.
 1 APPPATH\Controllers\CutiController.php(58): CodeIgniter\Debug\Exceptions->errorHandler(2, 'Trying to access array offset on value of type null', 'C:\\xampp\\htdocs\\cuti\\app\\Controllers\\CutiController.php', 58)
 2 SYSTEMPATH\CodeIgniter.php(951): App\Controllers\CutiController->store()
 3 SYSTEMPATH\CodeIgniter.php(497): CodeIgniter\CodeIgniter->runController(Object(App\Controllers\CutiController))
 4 SYSTEMPATH\CodeIgniter.php(340): CodeIgniter\CodeIgniter->handleRequest(null, Object(Config\Cache), false)
 5 SYSTEMPATH\Boot.php(417): CodeIgniter\CodeIgniter->run()
 6 SYSTEMPATH\Boot.php(68): CodeIgniter\Boot::runCodeIgniter(Object(CodeIgniter\CodeIgniter))
 7 FCPATH\index.php(59): CodeIgniter\Boot::bootWeb(Object(Config\Paths))
 8 SYSTEMPATH\rewrite.php(44): require_once('C:\\xampp\\htdocs\\cuti\\public\\index.php')
ERROR - 2026-05-21 03:15:58 --> Cannot add or update a child row: a foreign key constraint fails (`sistemcuti`.`pengajuan_cuti`, CONSTRAINT `fk_pengajuan_user` FOREIGN KEY (`user_id`) REFERENCES `users` (`id`) ON DELETE CASCADE)
in SYSTEMPATH\Database\MySQLi\Connection.php on line 300.
 1 SYSTEMPATH\Database\MySQLi\Connection.php(300): mysqli->query('INSERT INTO `pengajuan_cuti` (`user_id`, `tanggal_mulai`, `tanggal_selesai`, `total_hari`, `tujuan_cuti`, `status`) VALUES (1, \'2026-05-22\', \'2026-05-25\', 4, \'sakit\', \'pending_spv\')', 0)
 2 SYSTEMPATH\Database\BaseConnection.php(910): CodeIgniter\Database\MySQLi\Connection->execute('INSERT INTO `pengajuan_cuti` (`user_id`, `tanggal_mulai`, `tanggal_selesai`, `total_hari`, `tujuan_cuti`, `status`) VALUES (1, \'2026-05-22\', \'2026-05-25\', 4, \'sakit\', \'pending_spv\')')
 3 SYSTEMPATH\Database\BaseConnection.php(827): CodeIgniter\Database\BaseConnection->simpleQuery('INSERT INTO `pengajuan_cuti` (`user_id`, `tanggal_mulai`, `tanggal_selesai`, `total_hari`, `tujuan_cuti`, `status`) VALUES (1, \'2026-05-22\', \'2026-05-25\', 4, \'sakit\', \'pending_spv\')')
 4 SYSTEMPATH\Database\BaseBuilder.php(2345): CodeIgniter\Database\BaseConnection->query('INSERT INTO `pengajuan_cuti` (`user_id`, `tanggal_mulai`, `tanggal_selesai`, `total_hari`, `tujuan_cuti`, `status`) VALUES (:user_id:, :tanggal_mulai:, :tanggal_selesai:, :total_hari:, :tujuan_cuti:, :status:)', [...], false)
 5 SYSTEMPATH\Model.php(355): CodeIgniter\Database\BaseBuilder->insert()
 6 SYSTEMPATH\BaseModel.php(899): CodeIgniter\Model->doInsert([...])
 7 SYSTEMPATH\Model.php(668): CodeIgniter\BaseModel->insert([...], true)
 8 APPPATH\Controllers\CutiController.php(56): CodeIgniter\Model->insert([...])
 9 SYSTEMPATH\CodeIgniter.php(951): App\Controllers\CutiController->store()
10 SYSTEMPATH\CodeIgniter.php(497): CodeIgniter\CodeIgniter->runController(Object(App\Controllers\CutiController))
11 SYSTEMPATH\CodeIgniter.php(340): CodeIgniter\CodeIgniter->handleRequest(null, Object(Config\Cache), false)
12 SYSTEMPATH\Boot.php(417): CodeIgniter\CodeIgniter->run()
13 SYSTEMPATH\Boot.php(68): CodeIgniter\Boot::runCodeIgniter(Object(CodeIgniter\CodeIgniter))
14 FCPATH\index.php(59): CodeIgniter\Boot::bootWeb(Object(Config\Paths))
15 SYSTEMPATH\rewrite.php(44): require_once('C:\\xampp\\htdocs\\cuti\\public\\index.php')
CRITICAL - 2026-05-21 03:15:58 --> CodeIgniter\Database\Exceptions\DatabaseException: Cannot add or update a child row: a foreign key constraint fails (`sistemcuti`.`pengajuan_cuti`, CONSTRAINT `fk_pengajuan_user` FOREIGN KEY (`user_id`) REFERENCES `users` (`id`) ON DELETE CASCADE)
[Method: POST, Route: cuti/store]
in SYSTEMPATH\Database\BaseConnection.php on line 865.
 1 SYSTEMPATH\Database\BaseBuilder.php(2345): CodeIgniter\Database\BaseConnection->query('INSERT INTO `pengajuan_cuti` (`user_id`, `tanggal_mulai`, `tanggal_selesai`, `total_hari`, `tujuan_cuti`, `status`) VALUES (:user_id:, :tanggal_mulai:, :tanggal_selesai:, :total_hari:, :tujuan_cuti:, :status:)', [...], false)
 2 SYSTEMPATH\Model.php(355): CodeIgniter\Database\BaseBuilder->insert()
 3 SYSTEMPATH\BaseModel.php(899): CodeIgniter\Model->doInsert([...])
 4 SYSTEMPATH\Model.php(668): CodeIgniter\BaseModel->insert([...], true)
 5 APPPATH\Controllers\CutiController.php(56): CodeIgniter\Model->insert([...])
 6 SYSTEMPATH\CodeIgniter.php(951): App\Controllers\CutiController->store()
 7 SYSTEMPATH\CodeIgniter.php(497): CodeIgniter\CodeIgniter->runController(Object(App\Controllers\CutiController))
 8 SYSTEMPATH\CodeIgniter.php(340): CodeIgniter\CodeIgniter->handleRequest(null, Object(Config\Cache), false)
 9 SYSTEMPATH\Boot.php(417): CodeIgniter\CodeIgniter->run()
10 SYSTEMPATH\Boot.php(68): CodeIgniter\Boot::runCodeIgniter(Object(CodeIgniter\CodeIgniter))
11 FCPATH\index.php(59): CodeIgniter\Boot::bootWeb(Object(Config\Paths))
12 SYSTEMPATH\rewrite.php(44): require_once('C:\\xampp\\htdocs\\cuti\\public\\index.php')
CRITICAL - 2026-05-21 03:15:58 --> [Caused by] CodeIgniter\Database\Exceptions\DatabaseException: Cannot add or update a child row: a foreign key constraint fails (`sistemcuti`.`pengajuan_cuti`, CONSTRAINT `fk_pengajuan_user` FOREIGN KEY (`user_id`) REFERENCES `users` (`id`) ON DELETE CASCADE)
in SYSTEMPATH\Database\MySQLi\Connection.php on line 310.
 1 SYSTEMPATH\Database\BaseConnection.php(910): CodeIgniter\Database\MySQLi\Connection->execute('INSERT INTO `pengajuan_cuti` (`user_id`, `tanggal_mulai`, `tanggal_selesai`, `total_hari`, `tujuan_cuti`, `status`) VALUES (1, \'2026-05-22\', \'2026-05-25\', 4, \'sakit\', \'pending_spv\')')
 2 SYSTEMPATH\Database\BaseConnection.php(827): CodeIgniter\Database\BaseConnection->simpleQuery('INSERT INTO `pengajuan_cuti` (`user_id`, `tanggal_mulai`, `tanggal_selesai`, `total_hari`, `tujuan_cuti`, `status`) VALUES (1, \'2026-05-22\', \'2026-05-25\', 4, \'sakit\', \'pending_spv\')')
 3 SYSTEMPATH\Database\BaseBuilder.php(2345): CodeIgniter\Database\BaseConnection->query('INSERT INTO `pengajuan_cuti` (`user_id`, `tanggal_mulai`, `tanggal_selesai`, `total_hari`, `tujuan_cuti`, `status`) VALUES (:user_id:, :tanggal_mulai:, :tanggal_selesai:, :total_hari:, :tujuan_cuti:, :status:)', [...], false)
 4 SYSTEMPATH\Model.php(355): CodeIgniter\Database\BaseBuilder->insert()
 5 SYSTEMPATH\BaseModel.php(899): CodeIgniter\Model->doInsert([...])
 6 SYSTEMPATH\Model.php(668): CodeIgniter\BaseModel->insert([...], true)
 7 APPPATH\Controllers\CutiController.php(56): CodeIgniter\Model->insert([...])
 8 SYSTEMPATH\CodeIgniter.php(951): App\Controllers\CutiController->store()
 9 SYSTEMPATH\CodeIgniter.php(497): CodeIgniter\CodeIgniter->runController(Object(App\Controllers\CutiController))
10 SYSTEMPATH\CodeIgniter.php(340): CodeIgniter\CodeIgniter->handleRequest(null, Object(Config\Cache), false)
11 SYSTEMPATH\Boot.php(417): CodeIgniter\CodeIgniter->run()
12 SYSTEMPATH\Boot.php(68): CodeIgniter\Boot::runCodeIgniter(Object(CodeIgniter\CodeIgniter))
13 FCPATH\index.php(59): CodeIgniter\Boot::bootWeb(Object(Config\Paths))
14 SYSTEMPATH\rewrite.php(44): require_once('C:\\xampp\\htdocs\\cuti\\public\\index.php')
CRITICAL - 2026-05-21 03:15:58 --> [Caused by] mysqli_sql_exception: Cannot add or update a child row: a foreign key constraint fails (`sistemcuti`.`pengajuan_cuti`, CONSTRAINT `fk_pengajuan_user` FOREIGN KEY (`user_id`) REFERENCES `users` (`id`) ON DELETE CASCADE)
in SYSTEMPATH\Database\MySQLi\Connection.php on line 300.
 1 SYSTEMPATH\Database\MySQLi\Connection.php(300): mysqli->query('INSERT INTO `pengajuan_cuti` (`user_id`, `tanggal_mulai`, `tanggal_selesai`, `total_hari`, `tujuan_cuti`, `status`) VALUES (1, \'2026-05-22\', \'2026-05-25\', 4, \'sakit\', \'pending_spv\')', 0)
 2 SYSTEMPATH\Database\BaseConnection.php(910): CodeIgniter\Database\MySQLi\Connection->execute('INSERT INTO `pengajuan_cuti` (`user_id`, `tanggal_mulai`, `tanggal_selesai`, `total_hari`, `tujuan_cuti`, `status`) VALUES (1, \'2026-05-22\', \'2026-05-25\', 4, \'sakit\', \'pending_spv\')')
 3 SYSTEMPATH\Database\BaseConnection.php(827): CodeIgniter\Database\BaseConnection->simpleQuery('INSERT INTO `pengajuan_cuti` (`user_id`, `tanggal_mulai`, `tanggal_selesai`, `total_hari`, `tujuan_cuti`, `status`) VALUES (1, \'2026-05-22\', \'2026-05-25\', 4, \'sakit\', \'pending_spv\')')
 4 SYSTEMPATH\Database\BaseBuilder.php(2345): CodeIgniter\Database\BaseConnection->query('INSERT INTO `pengajuan_cuti` (`user_id`, `tanggal_mulai`, `tanggal_selesai`, `total_hari`, `tujuan_cuti`, `status`) VALUES (:user_id:, :tanggal_mulai:, :tanggal_selesai:, :total_hari:, :tujuan_cuti:, :status:)', [...], false)
 5 SYSTEMPATH\Model.php(355): CodeIgniter\Database\BaseBuilder->insert()
 6 SYSTEMPATH\BaseModel.php(899): CodeIgniter\Model->doInsert([...])
 7 SYSTEMPATH\Model.php(668): CodeIgniter\BaseModel->insert([...], true)
 8 APPPATH\Controllers\CutiController.php(56): CodeIgniter\Model->insert([...])
 9 SYSTEMPATH\CodeIgniter.php(951): App\Controllers\CutiController->store()
10 SYSTEMPATH\CodeIgniter.php(497): CodeIgniter\CodeIgniter->runController(Object(App\Controllers\CutiController))
11 SYSTEMPATH\CodeIgniter.php(340): CodeIgniter\CodeIgniter->handleRequest(null, Object(Config\Cache), false)
12 SYSTEMPATH\Boot.php(417): CodeIgniter\CodeIgniter->run()
13 SYSTEMPATH\Boot.php(68): CodeIgniter\Boot::runCodeIgniter(Object(CodeIgniter\CodeIgniter))
14 FCPATH\index.php(59): CodeIgniter\Boot::bootWeb(Object(Config\Paths))
15 SYSTEMPATH\rewrite.php(44): require_once('C:\\xampp\\htdocs\\cuti\\public\\index.php')
ERROR - 2026-05-21 03:22:06 --> Cannot add or update a child row: a foreign key constraint fails (`sistemcuti`.`pengajuan_cuti`, CONSTRAINT `fk_pengajuan_user` FOREIGN KEY (`user_id`) REFERENCES `users` (`id`) ON DELETE CASCADE)
in SYSTEMPATH\Database\MySQLi\Connection.php on line 300.
 1 SYSTEMPATH\Database\MySQLi\Connection.php(300): mysqli->query('INSERT INTO `pengajuan_cuti` (`user_id`, `tanggal_mulai`, `tanggal_selesai`, `total_hari`, `tujuan_cuti`, `status`) VALUES (1, \'2026-05-21\', \'2026-05-22\', 2, \'sakit\', \'pending_spv\')', 0)
 2 SYSTEMPATH\Database\BaseConnection.php(910): CodeIgniter\Database\MySQLi\Connection->execute('INSERT INTO `pengajuan_cuti` (`user_id`, `tanggal_mulai`, `tanggal_selesai`, `total_hari`, `tujuan_cuti`, `status`) VALUES (1, \'2026-05-21\', \'2026-05-22\', 2, \'sakit\', \'pending_spv\')')
 3 SYSTEMPATH\Database\BaseConnection.php(827): CodeIgniter\Database\BaseConnection->simpleQuery('INSERT INTO `pengajuan_cuti` (`user_id`, `tanggal_mulai`, `tanggal_selesai`, `total_hari`, `tujuan_cuti`, `status`) VALUES (1, \'2026-05-21\', \'2026-05-22\', 2, \'sakit\', \'pending_spv\')')
 4 SYSTEMPATH\Database\BaseBuilder.php(2345): CodeIgniter\Database\BaseConnection->query('INSERT INTO `pengajuan_cuti` (`user_id`, `tanggal_mulai`, `tanggal_selesai`, `total_hari`, `tujuan_cuti`, `status`) VALUES (:user_id:, :tanggal_mulai:, :tanggal_selesai:, :total_hari:, :tujuan_cuti:, :status:)', [...], false)
 5 SYSTEMPATH\Model.php(355): CodeIgniter\Database\BaseBuilder->insert()
 6 SYSTEMPATH\BaseModel.php(899): CodeIgniter\Model->doInsert([...])
 7 SYSTEMPATH\Model.php(668): CodeIgniter\BaseModel->insert([...], true)
 8 APPPATH\Controllers\CutiController.php(56): CodeIgniter\Model->insert([...])
 9 SYSTEMPATH\CodeIgniter.php(951): App\Controllers\CutiController->store()
10 SYSTEMPATH\CodeIgniter.php(497): CodeIgniter\CodeIgniter->runController(Object(App\Controllers\CutiController))
11 SYSTEMPATH\CodeIgniter.php(340): CodeIgniter\CodeIgniter->handleRequest(null, Object(Config\Cache), false)
12 SYSTEMPATH\Boot.php(417): CodeIgniter\CodeIgniter->run()
13 SYSTEMPATH\Boot.php(68): CodeIgniter\Boot::runCodeIgniter(Object(CodeIgniter\CodeIgniter))
14 FCPATH\index.php(59): CodeIgniter\Boot::bootWeb(Object(Config\Paths))
15 SYSTEMPATH\rewrite.php(44): require_once('C:\\xampp\\htdocs\\cuti\\public\\index.php')
CRITICAL - 2026-05-21 03:22:06 --> CodeIgniter\Database\Exceptions\DatabaseException: Cannot add or update a child row: a foreign key constraint fails (`sistemcuti`.`pengajuan_cuti`, CONSTRAINT `fk_pengajuan_user` FOREIGN KEY (`user_id`) REFERENCES `users` (`id`) ON DELETE CASCADE)
[Method: POST, Route: cuti/store]
in SYSTEMPATH\Database\BaseConnection.php on line 865.
 1 SYSTEMPATH\Database\BaseBuilder.php(2345): CodeIgniter\Database\BaseConnection->query('INSERT INTO `pengajuan_cuti` (`user_id`, `tanggal_mulai`, `tanggal_selesai`, `total_hari`, `tujuan_cuti`, `status`) VALUES (:user_id:, :tanggal_mulai:, :tanggal_selesai:, :total_hari:, :tujuan_cuti:, :status:)', [...], false)
 2 SYSTEMPATH\Model.php(355): CodeIgniter\Database\BaseBuilder->insert()
 3 SYSTEMPATH\BaseModel.php(899): CodeIgniter\Model->doInsert([...])
 4 SYSTEMPATH\Model.php(668): CodeIgniter\BaseModel->insert([...], true)
 5 APPPATH\Controllers\CutiController.php(56): CodeIgniter\Model->insert([...])
 6 SYSTEMPATH\CodeIgniter.php(951): App\Controllers\CutiController->store()
 7 SYSTEMPATH\CodeIgniter.php(497): CodeIgniter\CodeIgniter->runController(Object(App\Controllers\CutiController))
 8 SYSTEMPATH\CodeIgniter.php(340): CodeIgniter\CodeIgniter->handleRequest(null, Object(Config\Cache), false)
 9 SYSTEMPATH\Boot.php(417): CodeIgniter\CodeIgniter->run()
10 SYSTEMPATH\Boot.php(68): CodeIgniter\Boot::runCodeIgniter(Object(CodeIgniter\CodeIgniter))
11 FCPATH\index.php(59): CodeIgniter\Boot::bootWeb(Object(Config\Paths))
12 SYSTEMPATH\rewrite.php(44): require_once('C:\\xampp\\htdocs\\cuti\\public\\index.php')
CRITICAL - 2026-05-21 03:22:06 --> [Caused by] CodeIgniter\Database\Exceptions\DatabaseException: Cannot add or update a child row: a foreign key constraint fails (`sistemcuti`.`pengajuan_cuti`, CONSTRAINT `fk_pengajuan_user` FOREIGN KEY (`user_id`) REFERENCES `users` (`id`) ON DELETE CASCADE)
in SYSTEMPATH\Database\MySQLi\Connection.php on line 310.
 1 SYSTEMPATH\Database\BaseConnection.php(910): CodeIgniter\Database\MySQLi\Connection->execute('INSERT INTO `pengajuan_cuti` (`user_id`, `tanggal_mulai`, `tanggal_selesai`, `total_hari`, `tujuan_cuti`, `status`) VALUES (1, \'2026-05-21\', \'2026-05-22\', 2, \'sakit\', \'pending_spv\')')
 2 SYSTEMPATH\Database\BaseConnection.php(827): CodeIgniter\Database\BaseConnection->simpleQuery('INSERT INTO `pengajuan_cuti` (`user_id`, `tanggal_mulai`, `tanggal_selesai`, `total_hari`, `tujuan_cuti`, `status`) VALUES (1, \'2026-05-21\', \'2026-05-22\', 2, \'sakit\', \'pending_spv\')')
 3 SYSTEMPATH\Database\BaseBuilder.php(2345): CodeIgniter\Database\BaseConnection->query('INSERT INTO `pengajuan_cuti` (`user_id`, `tanggal_mulai`, `tanggal_selesai`, `total_hari`, `tujuan_cuti`, `status`) VALUES (:user_id:, :tanggal_mulai:, :tanggal_selesai:, :total_hari:, :tujuan_cuti:, :status:)', [...], false)
 4 SYSTEMPATH\Model.php(355): CodeIgniter\Database\BaseBuilder->insert()
 5 SYSTEMPATH\BaseModel.php(899): CodeIgniter\Model->doInsert([...])
 6 SYSTEMPATH\Model.php(668): CodeIgniter\BaseModel->insert([...], true)
 7 APPPATH\Controllers\CutiController.php(56): CodeIgniter\Model->insert([...])
 8 SYSTEMPATH\CodeIgniter.php(951): App\Controllers\CutiController->store()
 9 SYSTEMPATH\CodeIgniter.php(497): CodeIgniter\CodeIgniter->runController(Object(App\Controllers\CutiController))
10 SYSTEMPATH\CodeIgniter.php(340): CodeIgniter\CodeIgniter->handleRequest(null, Object(Config\Cache), false)
11 SYSTEMPATH\Boot.php(417): CodeIgniter\CodeIgniter->run()
12 SYSTEMPATH\Boot.php(68): CodeIgniter\Boot::runCodeIgniter(Object(CodeIgniter\CodeIgniter))
13 FCPATH\index.php(59): CodeIgniter\Boot::bootWeb(Object(Config\Paths))
14 SYSTEMPATH\rewrite.php(44): require_once('C:\\xampp\\htdocs\\cuti\\public\\index.php')
CRITICAL - 2026-05-21 03:22:06 --> [Caused by] mysqli_sql_exception: Cannot add or update a child row: a foreign key constraint fails (`sistemcuti`.`pengajuan_cuti`, CONSTRAINT `fk_pengajuan_user` FOREIGN KEY (`user_id`) REFERENCES `users` (`id`) ON DELETE CASCADE)
in SYSTEMPATH\Database\MySQLi\Connection.php on line 300.
 1 SYSTEMPATH\Database\MySQLi\Connection.php(300): mysqli->query('INSERT INTO `pengajuan_cuti` (`user_id`, `tanggal_mulai`, `tanggal_selesai`, `total_hari`, `tujuan_cuti`, `status`) VALUES (1, \'2026-05-21\', \'2026-05-22\', 2, \'sakit\', \'pending_spv\')', 0)
 2 SYSTEMPATH\Database\BaseConnection.php(910): CodeIgniter\Database\MySQLi\Connection->execute('INSERT INTO `pengajuan_cuti` (`user_id`, `tanggal_mulai`, `tanggal_selesai`, `total_hari`, `tujuan_cuti`, `status`) VALUES (1, \'2026-05-21\', \'2026-05-22\', 2, \'sakit\', \'pending_spv\')')
 3 SYSTEMPATH\Database\BaseConnection.php(827): CodeIgniter\Database\BaseConnection->simpleQuery('INSERT INTO `pengajuan_cuti` (`user_id`, `tanggal_mulai`, `tanggal_selesai`, `total_hari`, `tujuan_cuti`, `status`) VALUES (1, \'2026-05-21\', \'2026-05-22\', 2, \'sakit\', \'pending_spv\')')
 4 SYSTEMPATH\Database\BaseBuilder.php(2345): CodeIgniter\Database\BaseConnection->query('INSERT INTO `pengajuan_cuti` (`user_id`, `tanggal_mulai`, `tanggal_selesai`, `total_hari`, `tujuan_cuti`, `status`) VALUES (:user_id:, :tanggal_mulai:, :tanggal_selesai:, :total_hari:, :tujuan_cuti:, :status:)', [...], false)
 5 SYSTEMPATH\Model.php(355): CodeIgniter\Database\BaseBuilder->insert()
 6 SYSTEMPATH\BaseModel.php(899): CodeIgniter\Model->doInsert([...])
 7 SYSTEMPATH\Model.php(668): CodeIgniter\BaseModel->insert([...], true)
 8 APPPATH\Controllers\CutiController.php(56): CodeIgniter\Model->insert([...])
 9 SYSTEMPATH\CodeIgniter.php(951): App\Controllers\CutiController->store()
10 SYSTEMPATH\CodeIgniter.php(497): CodeIgniter\CodeIgniter->runController(Object(App\Controllers\CutiController))
11 SYSTEMPATH\CodeIgniter.php(340): CodeIgniter\CodeIgniter->handleRequest(null, Object(Config\Cache), false)
12 SYSTEMPATH\Boot.php(417): CodeIgniter\CodeIgniter->run()
13 SYSTEMPATH\Boot.php(68): CodeIgniter\Boot::runCodeIgniter(Object(CodeIgniter\CodeIgniter))
14 FCPATH\index.php(59): CodeIgniter\Boot::bootWeb(Object(Config\Paths))
15 SYSTEMPATH\rewrite.php(44): require_once('C:\\xampp\\htdocs\\cuti\\public\\index.php')
DEBUG - 2026-05-21 03:25:25 --> Session: Class initialized using 'CodeIgniter\Session\Handlers\FileHandler' driver.
CRITICAL - 2026-05-21 03:25:26 --> ErrorException: Trying to access array offset on value of type null
[Method: POST, Route: cuti/store]
in APPPATH\Controllers\CutiController.php on line 58.
 1 APPPATH\Controllers\CutiController.php(58): CodeIgniter\Debug\Exceptions->errorHandler(2, 'Trying to access array offset on value of type null', 'C:\\xampp\\htdocs\\cuti\\app\\Controllers\\CutiController.php', 58)
 2 SYSTEMPATH\CodeIgniter.php(951): App\Controllers\CutiController->store()
 3 SYSTEMPATH\CodeIgniter.php(497): CodeIgniter\CodeIgniter->runController(Object(App\Controllers\CutiController))
 4 SYSTEMPATH\CodeIgniter.php(340): CodeIgniter\CodeIgniter->handleRequest(null, Object(Config\Cache), false)
 5 SYSTEMPATH\Boot.php(417): CodeIgniter\CodeIgniter->run()
 6 SYSTEMPATH\Boot.php(68): CodeIgniter\Boot::runCodeIgniter(Object(CodeIgniter\CodeIgniter))
 7 FCPATH\index.php(59): CodeIgniter\Boot::bootWeb(Object(Config\Paths))
 8 SYSTEMPATH\rewrite.php(44): require_once('C:\\xampp\\htdocs\\cuti\\public\\index.php')
DEBUG - 2026-05-21 03:29:18 --> Session: Class initialized using 'CodeIgniter\Session\Handlers\FileHandler' driver.
CRITICAL - 2026-05-21 03:29:18 --> ErrorException: Trying to access array offset on value of type null
[Method: POST, Route: cuti/store]
in APPPATH\Controllers\CutiController.php on line 58.
 1 APPPATH\Controllers\CutiController.php(58): CodeIgniter\Debug\Exceptions->errorHandler(2, 'Trying to access array offset on value of type null', 'C:\\xampp\\htdocs\\cuti\\app\\Controllers\\CutiController.php', 58)
 2 SYSTEMPATH\CodeIgniter.php(951): App\Controllers\CutiController->store()
 3 SYSTEMPATH\CodeIgniter.php(497): CodeIgniter\CodeIgniter->runController(Object(App\Controllers\CutiController))
 4 SYSTEMPATH\CodeIgniter.php(340): CodeIgniter\CodeIgniter->handleRequest(null, Object(Config\Cache), false)
 5 SYSTEMPATH\Boot.php(417): CodeIgniter\CodeIgniter->run()
 6 SYSTEMPATH\Boot.php(68): CodeIgniter\Boot::runCodeIgniter(Object(CodeIgniter\CodeIgniter))
 7 FCPATH\index.php(59): CodeIgniter\Boot::bootWeb(Object(Config\Paths))
 8 SYSTEMPATH\rewrite.php(44): require_once('C:\\xampp\\htdocs\\cuti\\public\\index.php')
DEBUG - 2026-05-21 03:29:48 --> Session: Class initialized using 'CodeIgniter\Session\Handlers\FileHandler' driver.
CRITICAL - 2026-05-21 03:29:48 --> ErrorException: Trying to access array offset on value of type null
[Method: POST, Route: cuti/store]
in APPPATH\Controllers\CutiController.php on line 58.
 1 APPPATH\Controllers\CutiController.php(58): CodeIgniter\Debug\Exceptions->errorHandler(2, 'Trying to access array offset on value of type null', 'C:\\xampp\\htdocs\\cuti\\app\\Controllers\\CutiController.php', 58)
 2 SYSTEMPATH\CodeIgniter.php(951): App\Controllers\CutiController->store()
 3 SYSTEMPATH\CodeIgniter.php(497): CodeIgniter\CodeIgniter->runController(Object(App\Controllers\CutiController))
 4 SYSTEMPATH\CodeIgniter.php(340): CodeIgniter\CodeIgniter->handleRequest(null, Object(Config\Cache), false)
 5 SYSTEMPATH\Boot.php(417): CodeIgniter\CodeIgniter->run()
 6 SYSTEMPATH\Boot.php(68): CodeIgniter\Boot::runCodeIgniter(Object(CodeIgniter\CodeIgniter))
 7 FCPATH\index.php(59): CodeIgniter\Boot::bootWeb(Object(Config\Paths))
 8 SYSTEMPATH\rewrite.php(44): require_once('C:\\xampp\\htdocs\\cuti\\public\\index.php')
DEBUG - 2026-05-21 03:32:20 --> Session: Class initialized using 'CodeIgniter\Session\Handlers\FileHandler' driver.
DEBUG - 2026-05-21 03:36:47 --> Session: Class initialized using 'CodeIgniter\Session\Handlers\FileHandler' driver.
